[2019-03-01T15:06:33.965] [ERROR] cheese - { code: 1,
  message:
   'node-fetch和后端通讯异常http://localhost/books/basic/web/index.php?r=library/index',
  data: [] }
[2019-03-01T15:07:10.442] [ERROR] cheese - { [Error: ENOENT: no such file or directory, open '/Users/gaoyijian/Desktop/yd/nodedemo/dist/views/index.html']
  errno: -2,
  code: 'ENOENT',
  syscall: 'open',
  path: '/Users/gaoyijian/Desktop/yd/nodedemo/dist/views/index.html' }
[2019-03-01T15:07:11.783] [ERROR] cheese - { [Error: ENOENT: no such file or directory, open '/Users/gaoyijian/Desktop/yd/nodedemo/dist/views/index.html']
  errno: -2,
  code: 'ENOENT',
  syscall: 'open',
  path: '/Users/gaoyijian/Desktop/yd/nodedemo/dist/views/index.html' }
[2019-03-01T15:07:12.082] [ERROR] cheese - { [Error: ENOENT: no such file or directory, open '/Users/gaoyijian/Desktop/yd/nodedemo/dist/views/index.html']
  errno: -2,
  code: 'ENOENT',
  syscall: 'open',
  path: '/Users/gaoyijian/Desktop/yd/nodedemo/dist/views/index.html' }
[2019-03-01T15:07:12.275] [ERROR] cheese - { [Error: ENOENT: no such file or directory, open '/Users/gaoyijian/Desktop/yd/nodedemo/dist/views/index.html']
  errno: -2,
  code: 'ENOENT',
  syscall: 'open',
  path: '/Users/gaoyijian/Desktop/yd/nodedemo/dist/views/index.html' }
[2019-03-01T15:11:59.804] [ERROR] cheese - { [Error: ENOENT: no such file or directory, open '/Users/gaoyijian/Desktop/yd/nodedemo/dist/views/list/list.html']
  errno: -2,
  code: 'ENOENT',
  syscall: 'open',
  path:
   '/Users/gaoyijian/Desktop/yd/nodedemo/dist/views/list/list.html' }
[2019-03-01T15:14:13.814] [ERROR] cheese - { [Error: ENOENT: no such file or directory, open '/Users/gaoyijian/Desktop/yd/nodedemo/dist/views/lbooks/pages/list.html']
  errno: -2,
  code: 'ENOENT',
  syscall: 'open',
  path:
   '/Users/gaoyijian/Desktop/yd/nodedemo/dist/views/lbooks/pages/list.html' }
[2019-03-01T15:14:14.516] [ERROR] cheese - { [Error: ENOENT: no such file or directory, open '/Users/gaoyijian/Desktop/yd/nodedemo/dist/views/lbooks/pages/list.html']
  errno: -2,
  code: 'ENOENT',
  syscall: 'open',
  path:
   '/Users/gaoyijian/Desktop/yd/nodedemo/dist/views/lbooks/pages/list.html' }
[2019-03-01T15:14:38.442] [ERROR] cheese - { Error: ENOENT: no such file or directory, open '/Users/gaoyijian/Desktop/yd/nodedemo/dist/views/common/ayout.html'
    at Object.openSync (fs.js:439:3)
    at Object.readFileSync (fs.js:344:35)
    at Object.ret.load (/Users/gaoyijian/Desktop/yd/nodedemo/node_modules/swig-templates/lib/loaders/filesystem.js:59:15)
    at exports.Swig.parseFile (/Users/gaoyijian/Desktop/yd/nodedemo/node_modules/swig-templates/lib/swig.js:403:31)
    at getParents (/Users/gaoyijian/Desktop/yd/nodedemo/node_modules/swig-templates/lib/swig.js:480:14)
    at exports.Swig.precompile (/Users/gaoyijian/Desktop/yd/nodedemo/node_modules/swig-templates/lib/swig.js:527:19)
    at exports.Swig.compile (/Users/gaoyijian/Desktop/yd/nodedemo/node_modules/swig-templates/lib/swig.js:651:16)
    at /Users/gaoyijian/Desktop/yd/nodedemo/node_modules/swig-templates/lib/swig.js:729:27
    at FSReqWrap.readFileAfterClose [as oncomplete] (internal/fs/read_file_context.js:53:3)
  errno: -2,
  syscall: 'open',
  code: 'ENOENT',
  path:
   '/Users/gaoyijian/Desktop/yd/nodedemo/dist/views/common/ayout.html' }
[2019-03-01T15:14:39.136] [ERROR] cheese - { Error: ENOENT: no such file or directory, open '/Users/gaoyijian/Desktop/yd/nodedemo/dist/views/common/ayout.html'
    at Object.openSync (fs.js:439:3)
    at Object.readFileSync (fs.js:344:35)
    at Object.ret.load (/Users/gaoyijian/Desktop/yd/nodedemo/node_modules/swig-templates/lib/loaders/filesystem.js:59:15)
    at exports.Swig.parseFile (/Users/gaoyijian/Desktop/yd/nodedemo/node_modules/swig-templates/lib/swig.js:403:31)
    at getParents (/Users/gaoyijian/Desktop/yd/nodedemo/node_modules/swig-templates/lib/swig.js:480:14)
    at exports.Swig.precompile (/Users/gaoyijian/Desktop/yd/nodedemo/node_modules/swig-templates/lib/swig.js:527:19)
    at exports.Swig.compile (/Users/gaoyijian/Desktop/yd/nodedemo/node_modules/swig-templates/lib/swig.js:651:16)
    at /Users/gaoyijian/Desktop/yd/nodedemo/node_modules/swig-templates/lib/swig.js:729:27
    at FSReqWrap.readFileAfterClose [as oncomplete] (internal/fs/read_file_context.js:53:3)
  errno: -2,
  syscall: 'open',
  code: 'ENOENT',
  path:
   '/Users/gaoyijian/Desktop/yd/nodedemo/dist/views/common/ayout.html' }
[2019-03-10T08:44:18.045] [ERROR] cheese - { [Error: ENOENT: no such file or directory, open '/Users/gaoyijian/Desktop/yd/nodedemo/dist/views/books/pages/list.html']
  errno: -2,
  code: 'ENOENT',
  syscall: 'open',
  path:
   '/Users/gaoyijian/Desktop/yd/nodedemo/dist/views/books/pages/list.html' }
[2019-03-10T12:48:47.628] [ERROR] cheese - ReferenceError: js is not defined
    at /Users/gaoyijian/Desktop/yd/nodedemo/dist/controllers/indexController.js:31:22
[2019-03-10T12:48:49.088] [ERROR] cheese - ReferenceError: js is not defined
    at /Users/gaoyijian/Desktop/yd/nodedemo/dist/controllers/indexController.js:31:22
[2019-03-10T12:48:49.973] [ERROR] cheese - ReferenceError: js is not defined
    at /Users/gaoyijian/Desktop/yd/nodedemo/dist/controllers/indexController.js:31:22
[2019-03-10T12:48:50.679] [ERROR] cheese - ReferenceError: js is not defined
    at /Users/gaoyijian/Desktop/yd/nodedemo/dist/controllers/indexController.js:31:22
[2019-03-10T12:48:51.391] [ERROR] cheese - ReferenceError: js is not defined
    at /Users/gaoyijian/Desktop/yd/nodedemo/dist/controllers/indexController.js:31:22
[2019-03-10T12:48:52.123] [ERROR] cheese - ReferenceError: js is not defined
    at /Users/gaoyijian/Desktop/yd/nodedemo/dist/controllers/indexController.js:31:22
[2019-03-10T12:48:52.811] [ERROR] cheese - ReferenceError: js is not defined
    at /Users/gaoyijian/Desktop/yd/nodedemo/dist/controllers/indexController.js:31:22
[2019-03-10T12:48:53.505] [ERROR] cheese - ReferenceError: js is not defined
    at /Users/gaoyijian/Desktop/yd/nodedemo/dist/controllers/indexController.js:31:22
[2019-03-10T12:48:54.173] [ERROR] cheese - ReferenceError: js is not defined
    at /Users/gaoyijian/Desktop/yd/nodedemo/dist/controllers/indexController.js:31:22
[2019-03-10T12:49:25.470] [ERROR] cheese - ReferenceError: js is not defined
    at /Users/gaoyijian/Desktop/yd/nodedemo/dist/controllers/indexController.js:31:22
[2019-03-10T12:49:26.308] [ERROR] cheese - ReferenceError: js is not defined
    at /Users/gaoyijian/Desktop/yd/nodedemo/dist/controllers/indexController.js:31:22
[2019-03-10T12:49:26.990] [ERROR] cheese - ReferenceError: js is not defined
    at /Users/gaoyijian/Desktop/yd/nodedemo/dist/controllers/indexController.js:31:22
[2019-03-10T12:49:27.700] [ERROR] cheese - ReferenceError: js is not defined
    at /Users/gaoyijian/Desktop/yd/nodedemo/dist/controllers/indexController.js:31:22
[2019-03-10T12:49:28.400] [ERROR] cheese - ReferenceError: js is not defined
    at /Users/gaoyijian/Desktop/yd/nodedemo/dist/controllers/indexController.js:31:22
[2019-03-10T12:49:29.082] [ERROR] cheese - ReferenceError: js is not defined
    at /Users/gaoyijian/Desktop/yd/nodedemo/dist/controllers/indexController.js:31:22
[2019-03-10T12:49:29.739] [ERROR] cheese - ReferenceError: js is not defined
    at /Users/gaoyijian/Desktop/yd/nodedemo/dist/controllers/indexController.js:31:22
[2019-03-10T12:49:30.455] [ERROR] cheese - ReferenceError: js is not defined
    at /Users/gaoyijian/Desktop/yd/nodedemo/dist/controllers/indexController.js:31:22
[2019-03-10T12:49:31.106] [ERROR] cheese - ReferenceError: js is not defined
    at /Users/gaoyijian/Desktop/yd/nodedemo/dist/controllers/indexController.js:31:22
[2019-03-10T12:49:31.750] [ERROR] cheese - ReferenceError: js is not defined
    at /Users/gaoyijian/Desktop/yd/nodedemo/dist/controllers/indexController.js:31:22
[2019-03-10T12:49:32.406] [ERROR] cheese - ReferenceError: js is not defined
    at /Users/gaoyijian/Desktop/yd/nodedemo/dist/controllers/indexController.js:31:22
[2019-03-10T12:49:33.049] [ERROR] cheese - ReferenceError: js is not defined
    at /Users/gaoyijian/Desktop/yd/nodedemo/dist/controllers/indexController.js:31:22
[2019-03-10T12:49:33.740] [ERROR] cheese - ReferenceError: js is not defined
    at /Users/gaoyijian/Desktop/yd/nodedemo/dist/controllers/indexController.js:31:22
[2019-03-10T12:49:35.061] [ERROR] cheese - ReferenceError: js is not defined
    at /Users/gaoyijian/Desktop/yd/nodedemo/dist/controllers/indexController.js:31:22
[2019-03-10T12:49:36.022] [ERROR] cheese - ReferenceError: js is not defined
    at /Users/gaoyijian/Desktop/yd/nodedemo/dist/controllers/indexController.js:31:22
[2019-03-10T12:49:37.353] [ERROR] cheese - ReferenceError: js is not defined
    at /Users/gaoyijian/Desktop/yd/nodedemo/dist/controllers/indexController.js:31:22
[2019-03-10T12:49:38.118] [ERROR] cheese - ReferenceError: js is not defined
    at /Users/gaoyijian/Desktop/yd/nodedemo/dist/controllers/indexController.js:31:22
[2019-03-10T12:49:38.812] [ERROR] cheese - ReferenceError: js is not defined
    at /Users/gaoyijian/Desktop/yd/nodedemo/dist/controllers/indexController.js:31:22
[2019-03-10T12:49:39.524] [ERROR] cheese - ReferenceError: js is not defined
    at /Users/gaoyijian/Desktop/yd/nodedemo/dist/controllers/indexController.js:31:22
[2019-03-10T12:50:49.051] [ERROR] cheese - ReferenceError: js is not defined
    at /Users/gaoyijian/Desktop/yd/nodedemo/dist/controllers/indexController.js:30:22
[2019-03-10T12:50:49.885] [ERROR] cheese - ReferenceError: js is not defined
    at /Users/gaoyijian/Desktop/yd/nodedemo/dist/controllers/indexController.js:30:22
[2019-03-10T12:50:50.601] [ERROR] cheese - ReferenceError: js is not defined
    at /Users/gaoyijian/Desktop/yd/nodedemo/dist/controllers/indexController.js:30:22
[2019-03-10T12:50:51.227] [ERROR] cheese - ReferenceError: js is not defined
    at /Users/gaoyijian/Desktop/yd/nodedemo/dist/controllers/indexController.js:30:22
[2019-03-10T12:50:51.850] [ERROR] cheese - ReferenceError: js is not defined
    at /Users/gaoyijian/Desktop/yd/nodedemo/dist/controllers/indexController.js:30:22
[2019-03-10T12:50:52.512] [ERROR] cheese - ReferenceError: js is not defined
    at /Users/gaoyijian/Desktop/yd/nodedemo/dist/controllers/indexController.js:30:22
[2019-03-10T12:50:53.117] [ERROR] cheese - ReferenceError: js is not defined
    at /Users/gaoyijian/Desktop/yd/nodedemo/dist/controllers/indexController.js:30:22
[2019-03-10T12:50:53.736] [ERROR] cheese - ReferenceError: js is not defined
    at /Users/gaoyijian/Desktop/yd/nodedemo/dist/controllers/indexController.js:30:22
[2019-03-10T12:50:54.371] [ERROR] cheese - ReferenceError: js is not defined
    at /Users/gaoyijian/Desktop/yd/nodedemo/dist/controllers/indexController.js:30:22
[2019-03-10T12:50:54.974] [ERROR] cheese - ReferenceError: js is not defined
    at /Users/gaoyijian/Desktop/yd/nodedemo/dist/controllers/indexController.js:30:22
[2019-03-10T12:50:55.636] [ERROR] cheese - ReferenceError: js is not defined
    at /Users/gaoyijian/Desktop/yd/nodedemo/dist/controllers/indexController.js:30:22
[2019-03-10T12:50:59.831] [ERROR] cheese - ReferenceError: js is not defined
    at /Users/gaoyijian/Desktop/yd/nodedemo/dist/controllers/indexController.js:30:22
[2019-03-10T12:51:00.457] [ERROR] cheese - ReferenceError: js is not defined
    at /Users/gaoyijian/Desktop/yd/nodedemo/dist/controllers/indexController.js:30:22
[2019-03-10T12:51:01.092] [ERROR] cheese - ReferenceError: js is not defined
    at /Users/gaoyijian/Desktop/yd/nodedemo/dist/controllers/indexController.js:30:22
[2019-03-10T12:51:01.708] [ERROR] cheese - ReferenceError: js is not defined
    at /Users/gaoyijian/Desktop/yd/nodedemo/dist/controllers/indexController.js:30:22
[2019-03-10T12:51:02.337] [ERROR] cheese - ReferenceError: js is not defined
    at /Users/gaoyijian/Desktop/yd/nodedemo/dist/controllers/indexController.js:30:22
[2019-03-10T12:51:03.024] [ERROR] cheese - ReferenceError: js is not defined
    at /Users/gaoyijian/Desktop/yd/nodedemo/dist/controllers/indexController.js:30:22
[2019-03-10T12:51:03.689] [ERROR] cheese - ReferenceError: js is not defined
    at /Users/gaoyijian/Desktop/yd/nodedemo/dist/controllers/indexController.js:30:22
[2019-03-10T12:51:04.351] [ERROR] cheese - ReferenceError: js is not defined
    at /Users/gaoyijian/Desktop/yd/nodedemo/dist/controllers/indexController.js:30:22
[2019-03-10T12:51:05.003] [ERROR] cheese - ReferenceError: js is not defined
    at /Users/gaoyijian/Desktop/yd/nodedemo/dist/controllers/indexController.js:30:22
[2019-03-10T12:51:16.058] [ERROR] cheese - ReferenceError: js is not defined
    at /Users/gaoyijian/Desktop/yd/nodedemo/dist/controllers/indexController.js:30:22
[2019-03-10T12:51:16.735] [ERROR] cheese - ReferenceError: js is not defined
    at /Users/gaoyijian/Desktop/yd/nodedemo/dist/controllers/indexController.js:30:22
[2019-03-10T12:51:17.362] [ERROR] cheese - ReferenceError: js is not defined
    at /Users/gaoyijian/Desktop/yd/nodedemo/dist/controllers/indexController.js:30:22
[2019-03-10T12:51:17.972] [ERROR] cheese - ReferenceError: js is not defined
    at /Users/gaoyijian/Desktop/yd/nodedemo/dist/controllers/indexController.js:30:22
[2019-03-10T12:51:18.585] [ERROR] cheese - ReferenceError: js is not defined
    at /Users/gaoyijian/Desktop/yd/nodedemo/dist/controllers/indexController.js:30:22
[2019-03-10T12:51:19.182] [ERROR] cheese - ReferenceError: js is not defined
    at /Users/gaoyijian/Desktop/yd/nodedemo/dist/controllers/indexController.js:30:22
[2019-03-10T12:51:19.807] [ERROR] cheese - ReferenceError: js is not defined
    at /Users/gaoyijian/Desktop/yd/nodedemo/dist/controllers/indexController.js:30:22
[2019-03-10T12:51:20.384] [ERROR] cheese - ReferenceError: js is not defined
    at /Users/gaoyijian/Desktop/yd/nodedemo/dist/controllers/indexController.js:30:22
[2019-03-10T12:51:21.068] [ERROR] cheese - ReferenceError: js is not defined
    at /Users/gaoyijian/Desktop/yd/nodedemo/dist/controllers/indexController.js:30:22
[2019-03-10T12:55:05.968] [ERROR] cheese - ReferenceError: js is not defined
    at /Users/gaoyijian/Desktop/yd/nodedemo/dist/controllers/indexController.js:32:22
[2019-03-10T12:56:16.035] [ERROR] cheese - ReferenceError: js is not defined
    at /Users/gaoyijian/Desktop/yd/nodedemo/dist/controllers/indexController.js:32:22
[2019-03-10T12:56:44.968] [ERROR] cheese - ReferenceError: js is not defined
    at /Users/gaoyijian/Desktop/yd/nodedemo/dist/controllers/indexController.js:32:22
[2019-03-10T12:57:52.120] [ERROR] cheese - ReferenceError: js is not defined
    at /Users/gaoyijian/Desktop/yd/nodedemo/dist/controllers/indexController.js:32:22
[2019-03-10T14:03:33.573] [ERROR] cheese - ReferenceError: $ is not defined
    at /Users/gaoyijian/Desktop/yd/nodedemo/dist/controllers/indexController.js:45:9
    at dispatch (/Users/gaoyijian/Desktop/yd/nodedemo/node_modules/koa-simple-router/index.js:186:18)
    at Router._lookup (/Users/gaoyijian/Desktop/yd/nodedemo/node_modules/koa-simple-router/index.js:198:12)
    at /Users/gaoyijian/Desktop/yd/nodedemo/node_modules/koa-simple-router/index.js:138:21
    at dispatch (/Users/gaoyijian/Desktop/yd/nodedemo/node_modules/koa-compose/index.js:42:32)
    at app.use (/Users/gaoyijian/Desktop/yd/nodedemo/dist/middlewares/errorHandle.js:15:13)
    at dispatch (/Users/gaoyijian/Desktop/yd/nodedemo/node_modules/koa-compose/index.js:42:32)
    at app.use (/Users/gaoyijian/Desktop/yd/nodedemo/dist/middlewares/errorHandle.js:7:15)
    at dispatch (/Users/gaoyijian/Desktop/yd/nodedemo/node_modules/koa-compose/index.js:42:32)
    at serve (/Users/gaoyijian/Desktop/yd/nodedemo/node_modules/koa-static/index.js:53:15)
[2019-03-10T14:03:38.277] [ERROR] cheese - ReferenceError: $ is not defined
    at /Users/gaoyijian/Desktop/yd/nodedemo/dist/controllers/indexController.js:45:9
    at dispatch (/Users/gaoyijian/Desktop/yd/nodedemo/node_modules/koa-simple-router/index.js:186:18)
    at Router._lookup (/Users/gaoyijian/Desktop/yd/nodedemo/node_modules/koa-simple-router/index.js:198:12)
    at /Users/gaoyijian/Desktop/yd/nodedemo/node_modules/koa-simple-router/index.js:138:21
    at dispatch (/Users/gaoyijian/Desktop/yd/nodedemo/node_modules/koa-compose/index.js:42:32)
    at app.use (/Users/gaoyijian/Desktop/yd/nodedemo/dist/middlewares/errorHandle.js:15:13)
    at dispatch (/Users/gaoyijian/Desktop/yd/nodedemo/node_modules/koa-compose/index.js:42:32)
    at app.use (/Users/gaoyijian/Desktop/yd/nodedemo/dist/middlewares/errorHandle.js:7:15)
    at dispatch (/Users/gaoyijian/Desktop/yd/nodedemo/node_modules/koa-compose/index.js:42:32)
    at serve (/Users/gaoyijian/Desktop/yd/nodedemo/node_modules/koa-static/index.js:53:15)
[2019-03-10T14:03:40.933] [ERROR] cheese - ReferenceError: $ is not defined
    at /Users/gaoyijian/Desktop/yd/nodedemo/dist/controllers/indexController.js:45:9
    at dispatch (/Users/gaoyijian/Desktop/yd/nodedemo/node_modules/koa-simple-router/index.js:186:18)
    at Router._lookup (/Users/gaoyijian/Desktop/yd/nodedemo/node_modules/koa-simple-router/index.js:198:12)
    at /Users/gaoyijian/Desktop/yd/nodedemo/node_modules/koa-simple-router/index.js:138:21
    at dispatch (/Users/gaoyijian/Desktop/yd/nodedemo/node_modules/koa-compose/index.js:42:32)
    at app.use (/Users/gaoyijian/Desktop/yd/nodedemo/dist/middlewares/errorHandle.js:15:13)
    at dispatch (/Users/gaoyijian/Desktop/yd/nodedemo/node_modules/koa-compose/index.js:42:32)
    at app.use (/Users/gaoyijian/Desktop/yd/nodedemo/dist/middlewares/errorHandle.js:7:15)
    at dispatch (/Users/gaoyijian/Desktop/yd/nodedemo/node_modules/koa-compose/index.js:42:32)
    at serve (/Users/gaoyijian/Desktop/yd/nodedemo/node_modules/koa-static/index.js:53:15)
[2019-03-10T14:03:46.028] [ERROR] cheese - ReferenceError: $ is not defined
    at /Users/gaoyijian/Desktop/yd/nodedemo/dist/controllers/indexController.js:45:9
    at dispatch (/Users/gaoyijian/Desktop/yd/nodedemo/node_modules/koa-simple-router/index.js:186:18)
    at Router._lookup (/Users/gaoyijian/Desktop/yd/nodedemo/node_modules/koa-simple-router/index.js:198:12)
    at /Users/gaoyijian/Desktop/yd/nodedemo/node_modules/koa-simple-router/index.js:138:21
    at dispatch (/Users/gaoyijian/Desktop/yd/nodedemo/node_modules/koa-compose/index.js:42:32)
    at app.use (/Users/gaoyijian/Desktop/yd/nodedemo/dist/middlewares/errorHandle.js:15:13)
    at dispatch (/Users/gaoyijian/Desktop/yd/nodedemo/node_modules/koa-compose/index.js:42:32)
    at app.use (/Users/gaoyijian/Desktop/yd/nodedemo/dist/middlewares/errorHandle.js:7:15)
    at dispatch (/Users/gaoyijian/Desktop/yd/nodedemo/node_modules/koa-compose/index.js:42:32)
    at serve (/Users/gaoyijian/Desktop/yd/nodedemo/node_modules/koa-static/index.js:53:15)
[2019-03-10T14:03:53.151] [ERROR] cheese - ReferenceError: $ is not defined
    at /Users/gaoyijian/Desktop/yd/nodedemo/dist/controllers/indexController.js:45:9
    at dispatch (/Users/gaoyijian/Desktop/yd/nodedemo/node_modules/koa-simple-router/index.js:186:18)
    at Router._lookup (/Users/gaoyijian/Desktop/yd/nodedemo/node_modules/koa-simple-router/index.js:198:12)
    at /Users/gaoyijian/Desktop/yd/nodedemo/node_modules/koa-simple-router/index.js:138:21
    at dispatch (/Users/gaoyijian/Desktop/yd/nodedemo/node_modules/koa-compose/index.js:42:32)
    at app.use (/Users/gaoyijian/Desktop/yd/nodedemo/dist/middlewares/errorHandle.js:15:13)
    at dispatch (/Users/gaoyijian/Desktop/yd/nodedemo/node_modules/koa-compose/index.js:42:32)
    at app.use (/Users/gaoyijian/Desktop/yd/nodedemo/dist/middlewares/errorHandle.js:7:15)
    at dispatch (/Users/gaoyijian/Desktop/yd/nodedemo/node_modules/koa-compose/index.js:42:32)
    at serve (/Users/gaoyijian/Desktop/yd/nodedemo/node_modules/koa-static/index.js:53:15)
[2019-03-10T14:03:55.184] [ERROR] cheese - ReferenceError: $ is not defined
    at /Users/gaoyijian/Desktop/yd/nodedemo/dist/controllers/indexController.js:45:9
    at dispatch (/Users/gaoyijian/Desktop/yd/nodedemo/node_modules/koa-simple-router/index.js:186:18)
    at Router._lookup (/Users/gaoyijian/Desktop/yd/nodedemo/node_modules/koa-simple-router/index.js:198:12)
    at /Users/gaoyijian/Desktop/yd/nodedemo/node_modules/koa-simple-router/index.js:138:21
    at dispatch (/Users/gaoyijian/Desktop/yd/nodedemo/node_modules/koa-compose/index.js:42:32)
    at app.use (/Users/gaoyijian/Desktop/yd/nodedemo/dist/middlewares/errorHandle.js:15:13)
    at dispatch (/Users/gaoyijian/Desktop/yd/nodedemo/node_modules/koa-compose/index.js:42:32)
    at app.use (/Users/gaoyijian/Desktop/yd/nodedemo/dist/middlewares/errorHandle.js:7:15)
    at dispatch (/Users/gaoyijian/Desktop/yd/nodedemo/node_modules/koa-compose/index.js:42:32)
    at serve (/Users/gaoyijian/Desktop/yd/nodedemo/node_modules/koa-static/index.js:53:15)
[2019-03-10T14:08:20.763] [ERROR] cheese - ReferenceError: $ is not defined
    at /Users/gaoyijian/Desktop/yd/nodedemo/dist/controllers/indexController.js:45:9
    at dispatch (/Users/gaoyijian/Desktop/yd/nodedemo/node_modules/koa-simple-router/index.js:186:18)
    at Router._lookup (/Users/gaoyijian/Desktop/yd/nodedemo/node_modules/koa-simple-router/index.js:198:12)
    at /Users/gaoyijian/Desktop/yd/nodedemo/node_modules/koa-simple-router/index.js:138:21
    at dispatch (/Users/gaoyijian/Desktop/yd/nodedemo/node_modules/koa-compose/index.js:42:32)
    at app.use (/Users/gaoyijian/Desktop/yd/nodedemo/dist/middlewares/errorHandle.js:15:13)
    at dispatch (/Users/gaoyijian/Desktop/yd/nodedemo/node_modules/koa-compose/index.js:42:32)
    at app.use (/Users/gaoyijian/Desktop/yd/nodedemo/dist/middlewares/errorHandle.js:7:15)
    at dispatch (/Users/gaoyijian/Desktop/yd/nodedemo/node_modules/koa-compose/index.js:42:32)
    at serve (/Users/gaoyijian/Desktop/yd/nodedemo/node_modules/koa-static/index.js:53:15)
[2019-03-10T14:08:23.172] [ERROR] cheese - ReferenceError: $ is not defined
    at /Users/gaoyijian/Desktop/yd/nodedemo/dist/controllers/indexController.js:45:9
    at dispatch (/Users/gaoyijian/Desktop/yd/nodedemo/node_modules/koa-simple-router/index.js:186:18)
    at Router._lookup (/Users/gaoyijian/Desktop/yd/nodedemo/node_modules/koa-simple-router/index.js:198:12)
    at /Users/gaoyijian/Desktop/yd/nodedemo/node_modules/koa-simple-router/index.js:138:21
    at dispatch (/Users/gaoyijian/Desktop/yd/nodedemo/node_modules/koa-compose/index.js:42:32)
    at app.use (/Users/gaoyijian/Desktop/yd/nodedemo/dist/middlewares/errorHandle.js:15:13)
    at dispatch (/Users/gaoyijian/Desktop/yd/nodedemo/node_modules/koa-compose/index.js:42:32)
    at app.use (/Users/gaoyijian/Desktop/yd/nodedemo/dist/middlewares/errorHandle.js:7:15)
    at dispatch (/Users/gaoyijian/Desktop/yd/nodedemo/node_modules/koa-compose/index.js:42:32)
    at serve (/Users/gaoyijian/Desktop/yd/nodedemo/node_modules/koa-static/index.js:53:15)
[2019-03-10T14:08:37.618] [ERROR] cheese - ReferenceError: $ is not defined
    at /Users/gaoyijian/Desktop/yd/nodedemo/dist/controllers/indexController.js:45:9
    at dispatch (/Users/gaoyijian/Desktop/yd/nodedemo/node_modules/koa-simple-router/index.js:186:18)
    at Router._lookup (/Users/gaoyijian/Desktop/yd/nodedemo/node_modules/koa-simple-router/index.js:198:12)
    at /Users/gaoyijian/Desktop/yd/nodedemo/node_modules/koa-simple-router/index.js:138:21
    at dispatch (/Users/gaoyijian/Desktop/yd/nodedemo/node_modules/koa-compose/index.js:42:32)
    at app.use (/Users/gaoyijian/Desktop/yd/nodedemo/dist/middlewares/errorHandle.js:15:13)
    at dispatch (/Users/gaoyijian/Desktop/yd/nodedemo/node_modules/koa-compose/index.js:42:32)
    at app.use (/Users/gaoyijian/Desktop/yd/nodedemo/dist/middlewares/errorHandle.js:7:15)
    at dispatch (/Users/gaoyijian/Desktop/yd/nodedemo/node_modules/koa-compose/index.js:42:32)
    at serve (/Users/gaoyijian/Desktop/yd/nodedemo/node_modules/koa-static/index.js:53:15)
[2019-03-10T14:44:10.270] [ERROR] cheese - ReferenceError: $ is not defined
    at /Users/gaoyijian/Desktop/yd/nodedemo/dist/controllers/indexController.js:45:9
    at dispatch (/Users/gaoyijian/Desktop/yd/nodedemo/node_modules/koa-simple-router/index.js:186:18)
    at Router._lookup (/Users/gaoyijian/Desktop/yd/nodedemo/node_modules/koa-simple-router/index.js:198:12)
    at /Users/gaoyijian/Desktop/yd/nodedemo/node_modules/koa-simple-router/index.js:138:21
    at dispatch (/Users/gaoyijian/Desktop/yd/nodedemo/node_modules/koa-compose/index.js:42:32)
    at app.use (/Users/gaoyijian/Desktop/yd/nodedemo/dist/middlewares/errorHandle.js:15:13)
    at dispatch (/Users/gaoyijian/Desktop/yd/nodedemo/node_modules/koa-compose/index.js:42:32)
    at app.use (/Users/gaoyijian/Desktop/yd/nodedemo/dist/middlewares/errorHandle.js:7:15)
    at dispatch (/Users/gaoyijian/Desktop/yd/nodedemo/node_modules/koa-compose/index.js:42:32)
    at serve (/Users/gaoyijian/Desktop/yd/nodedemo/node_modules/koa-static/index.js:53:15)
[2019-03-10T14:44:12.907] [ERROR] cheese - ReferenceError: $ is not defined
    at /Users/gaoyijian/Desktop/yd/nodedemo/dist/controllers/indexController.js:45:9
    at dispatch (/Users/gaoyijian/Desktop/yd/nodedemo/node_modules/koa-simple-router/index.js:186:18)
    at Router._lookup (/Users/gaoyijian/Desktop/yd/nodedemo/node_modules/koa-simple-router/index.js:198:12)
    at /Users/gaoyijian/Desktop/yd/nodedemo/node_modules/koa-simple-router/index.js:138:21
    at dispatch (/Users/gaoyijian/Desktop/yd/nodedemo/node_modules/koa-compose/index.js:42:32)
    at app.use (/Users/gaoyijian/Desktop/yd/nodedemo/dist/middlewares/errorHandle.js:15:13)
    at dispatch (/Users/gaoyijian/Desktop/yd/nodedemo/node_modules/koa-compose/index.js:42:32)
    at app.use (/Users/gaoyijian/Desktop/yd/nodedemo/dist/middlewares/errorHandle.js:7:15)
    at dispatch (/Users/gaoyijian/Desktop/yd/nodedemo/node_modules/koa-compose/index.js:42:32)
    at serve (/Users/gaoyijian/Desktop/yd/nodedemo/node_modules/koa-static/index.js:53:15)
[2019-03-10T14:44:13.574] [ERROR] cheese - ReferenceError: $ is not defined
    at /Users/gaoyijian/Desktop/yd/nodedemo/dist/controllers/indexController.js:45:9
    at dispatch (/Users/gaoyijian/Desktop/yd/nodedemo/node_modules/koa-simple-router/index.js:186:18)
    at Router._lookup (/Users/gaoyijian/Desktop/yd/nodedemo/node_modules/koa-simple-router/index.js:198:12)
    at /Users/gaoyijian/Desktop/yd/nodedemo/node_modules/koa-simple-router/index.js:138:21
    at dispatch (/Users/gaoyijian/Desktop/yd/nodedemo/node_modules/koa-compose/index.js:42:32)
    at app.use (/Users/gaoyijian/Desktop/yd/nodedemo/dist/middlewares/errorHandle.js:15:13)
    at dispatch (/Users/gaoyijian/Desktop/yd/nodedemo/node_modules/koa-compose/index.js:42:32)
    at app.use (/Users/gaoyijian/Desktop/yd/nodedemo/dist/middlewares/errorHandle.js:7:15)
    at dispatch (/Users/gaoyijian/Desktop/yd/nodedemo/node_modules/koa-compose/index.js:42:32)
    at serve (/Users/gaoyijian/Desktop/yd/nodedemo/node_modules/koa-static/index.js:53:15)
[2019-03-10T14:44:13.892] [ERROR] cheese - ReferenceError: $ is not defined
    at /Users/gaoyijian/Desktop/yd/nodedemo/dist/controllers/indexController.js:45:9
    at dispatch (/Users/gaoyijian/Desktop/yd/nodedemo/node_modules/koa-simple-router/index.js:186:18)
    at Router._lookup (/Users/gaoyijian/Desktop/yd/nodedemo/node_modules/koa-simple-router/index.js:198:12)
    at /Users/gaoyijian/Desktop/yd/nodedemo/node_modules/koa-simple-router/index.js:138:21
    at dispatch (/Users/gaoyijian/Desktop/yd/nodedemo/node_modules/koa-compose/index.js:42:32)
    at app.use (/Users/gaoyijian/Desktop/yd/nodedemo/dist/middlewares/errorHandle.js:15:13)
    at dispatch (/Users/gaoyijian/Desktop/yd/nodedemo/node_modules/koa-compose/index.js:42:32)
    at app.use (/Users/gaoyijian/Desktop/yd/nodedemo/dist/middlewares/errorHandle.js:7:15)
    at dispatch (/Users/gaoyijian/Desktop/yd/nodedemo/node_modules/koa-compose/index.js:42:32)
    at serve (/Users/gaoyijian/Desktop/yd/nodedemo/node_modules/koa-static/index.js:53:15)
[2019-03-10T14:44:14.097] [ERROR] cheese - ReferenceError: $ is not defined
    at /Users/gaoyijian/Desktop/yd/nodedemo/dist/controllers/indexController.js:45:9
    at dispatch (/Users/gaoyijian/Desktop/yd/nodedemo/node_modules/koa-simple-router/index.js:186:18)
    at Router._lookup (/Users/gaoyijian/Desktop/yd/nodedemo/node_modules/koa-simple-router/index.js:198:12)
    at /Users/gaoyijian/Desktop/yd/nodedemo/node_modules/koa-simple-router/index.js:138:21
    at dispatch (/Users/gaoyijian/Desktop/yd/nodedemo/node_modules/koa-compose/index.js:42:32)
    at app.use (/Users/gaoyijian/Desktop/yd/nodedemo/dist/middlewares/errorHandle.js:15:13)
    at dispatch (/Users/gaoyijian/Desktop/yd/nodedemo/node_modules/koa-compose/index.js:42:32)
    at app.use (/Users/gaoyijian/Desktop/yd/nodedemo/dist/middlewares/errorHandle.js:7:15)
    at dispatch (/Users/gaoyijian/Desktop/yd/nodedemo/node_modules/koa-compose/index.js:42:32)
    at serve (/Users/gaoyijian/Desktop/yd/nodedemo/node_modules/koa-static/index.js:53:15)
[2019-03-10T14:44:14.325] [ERROR] cheese - ReferenceError: $ is not defined
    at /Users/gaoyijian/Desktop/yd/nodedemo/dist/controllers/indexController.js:45:9
    at dispatch (/Users/gaoyijian/Desktop/yd/nodedemo/node_modules/koa-simple-router/index.js:186:18)
    at Router._lookup (/Users/gaoyijian/Desktop/yd/nodedemo/node_modules/koa-simple-router/index.js:198:12)
    at /Users/gaoyijian/Desktop/yd/nodedemo/node_modules/koa-simple-router/index.js:138:21
    at dispatch (/Users/gaoyijian/Desktop/yd/nodedemo/node_modules/koa-compose/index.js:42:32)
    at app.use (/Users/gaoyijian/Desktop/yd/nodedemo/dist/middlewares/errorHandle.js:15:13)
    at dispatch (/Users/gaoyijian/Desktop/yd/nodedemo/node_modules/koa-compose/index.js:42:32)
    at app.use (/Users/gaoyijian/Desktop/yd/nodedemo/dist/middlewares/errorHandle.js:7:15)
    at dispatch (/Users/gaoyijian/Desktop/yd/nodedemo/node_modules/koa-compose/index.js:42:32)
    at serve (/Users/gaoyijian/Desktop/yd/nodedemo/node_modules/koa-static/index.js:53:15)
[2019-03-10T14:44:14.554] [ERROR] cheese - ReferenceError: $ is not defined
    at /Users/gaoyijian/Desktop/yd/nodedemo/dist/controllers/indexController.js:45:9
    at dispatch (/Users/gaoyijian/Desktop/yd/nodedemo/node_modules/koa-simple-router/index.js:186:18)
    at Router._lookup (/Users/gaoyijian/Desktop/yd/nodedemo/node_modules/koa-simple-router/index.js:198:12)
    at /Users/gaoyijian/Desktop/yd/nodedemo/node_modules/koa-simple-router/index.js:138:21
    at dispatch (/Users/gaoyijian/Desktop/yd/nodedemo/node_modules/koa-compose/index.js:42:32)
    at app.use (/Users/gaoyijian/Desktop/yd/nodedemo/dist/middlewares/errorHandle.js:15:13)
    at dispatch (/Users/gaoyijian/Desktop/yd/nodedemo/node_modules/koa-compose/index.js:42:32)
    at app.use (/Users/gaoyijian/Desktop/yd/nodedemo/dist/middlewares/errorHandle.js:7:15)
    at dispatch (/Users/gaoyijian/Desktop/yd/nodedemo/node_modules/koa-compose/index.js:42:32)
    at serve (/Users/gaoyijian/Desktop/yd/nodedemo/node_modules/koa-static/index.js:53:15)
[2019-03-10T14:44:14.758] [ERROR] cheese - ReferenceError: $ is not defined
    at /Users/gaoyijian/Desktop/yd/nodedemo/dist/controllers/indexController.js:45:9
    at dispatch (/Users/gaoyijian/Desktop/yd/nodedemo/node_modules/koa-simple-router/index.js:186:18)
    at Router._lookup (/Users/gaoyijian/Desktop/yd/nodedemo/node_modules/koa-simple-router/index.js:198:12)
    at /Users/gaoyijian/Desktop/yd/nodedemo/node_modules/koa-simple-router/index.js:138:21
    at dispatch (/Users/gaoyijian/Desktop/yd/nodedemo/node_modules/koa-compose/index.js:42:32)
    at app.use (/Users/gaoyijian/Desktop/yd/nodedemo/dist/middlewares/errorHandle.js:15:13)
    at dispatch (/Users/gaoyijian/Desktop/yd/nodedemo/node_modules/koa-compose/index.js:42:32)
    at app.use (/Users/gaoyijian/Desktop/yd/nodedemo/dist/middlewares/errorHandle.js:7:15)
    at dispatch (/Users/gaoyijian/Desktop/yd/nodedemo/node_modules/koa-compose/index.js:42:32)
    at serve (/Users/gaoyijian/Desktop/yd/nodedemo/node_modules/koa-static/index.js:53:15)
[2019-03-10T14:44:14.984] [ERROR] cheese - ReferenceError: $ is not defined
    at /Users/gaoyijian/Desktop/yd/nodedemo/dist/controllers/indexController.js:45:9
    at dispatch (/Users/gaoyijian/Desktop/yd/nodedemo/node_modules/koa-simple-router/index.js:186:18)
    at Router._lookup (/Users/gaoyijian/Desktop/yd/nodedemo/node_modules/koa-simple-router/index.js:198:12)
    at /Users/gaoyijian/Desktop/yd/nodedemo/node_modules/koa-simple-router/index.js:138:21
    at dispatch (/Users/gaoyijian/Desktop/yd/nodedemo/node_modules/koa-compose/index.js:42:32)
    at app.use (/Users/gaoyijian/Desktop/yd/nodedemo/dist/middlewares/errorHandle.js:15:13)
    at dispatch (/Users/gaoyijian/Desktop/yd/nodedemo/node_modules/koa-compose/index.js:42:32)
    at app.use (/Users/gaoyijian/Desktop/yd/nodedemo/dist/middlewares/errorHandle.js:7:15)
    at dispatch (/Users/gaoyijian/Desktop/yd/nodedemo/node_modules/koa-compose/index.js:42:32)
    at serve (/Users/gaoyijian/Desktop/yd/nodedemo/node_modules/koa-static/index.js:53:15)
[2019-03-10T14:44:15.197] [ERROR] cheese - ReferenceError: $ is not defined
    at /Users/gaoyijian/Desktop/yd/nodedemo/dist/controllers/indexController.js:45:9
    at dispatch (/Users/gaoyijian/Desktop/yd/nodedemo/node_modules/koa-simple-router/index.js:186:18)
    at Router._lookup (/Users/gaoyijian/Desktop/yd/nodedemo/node_modules/koa-simple-router/index.js:198:12)
    at /Users/gaoyijian/Desktop/yd/nodedemo/node_modules/koa-simple-router/index.js:138:21
    at dispatch (/Users/gaoyijian/Desktop/yd/nodedemo/node_modules/koa-compose/index.js:42:32)
    at app.use (/Users/gaoyijian/Desktop/yd/nodedemo/dist/middlewares/errorHandle.js:15:13)
    at dispatch (/Users/gaoyijian/Desktop/yd/nodedemo/node_modules/koa-compose/index.js:42:32)
    at app.use (/Users/gaoyijian/Desktop/yd/nodedemo/dist/middlewares/errorHandle.js:7:15)
    at dispatch (/Users/gaoyijian/Desktop/yd/nodedemo/node_modules/koa-compose/index.js:42:32)
    at serve (/Users/gaoyijian/Desktop/yd/nodedemo/node_modules/koa-static/index.js:53:15)
[2019-03-10T14:44:15.466] [ERROR] cheese - ReferenceError: $ is not defined
    at /Users/gaoyijian/Desktop/yd/nodedemo/dist/controllers/indexController.js:45:9
    at dispatch (/Users/gaoyijian/Desktop/yd/nodedemo/node_modules/koa-simple-router/index.js:186:18)
    at Router._lookup (/Users/gaoyijian/Desktop/yd/nodedemo/node_modules/koa-simple-router/index.js:198:12)
    at /Users/gaoyijian/Desktop/yd/nodedemo/node_modules/koa-simple-router/index.js:138:21
    at dispatch (/Users/gaoyijian/Desktop/yd/nodedemo/node_modules/koa-compose/index.js:42:32)
    at app.use (/Users/gaoyijian/Desktop/yd/nodedemo/dist/middlewares/errorHandle.js:15:13)
    at dispatch (/Users/gaoyijian/Desktop/yd/nodedemo/node_modules/koa-compose/index.js:42:32)
    at app.use (/Users/gaoyijian/Desktop/yd/nodedemo/dist/middlewares/errorHandle.js:7:15)
    at dispatch (/Users/gaoyijian/Desktop/yd/nodedemo/node_modules/koa-compose/index.js:42:32)
    at serve (/Users/gaoyijian/Desktop/yd/nodedemo/node_modules/koa-static/index.js:53:15)
[2019-03-10T14:44:15.680] [ERROR] cheese - ReferenceError: $ is not defined
    at /Users/gaoyijian/Desktop/yd/nodedemo/dist/controllers/indexController.js:45:9
    at dispatch (/Users/gaoyijian/Desktop/yd/nodedemo/node_modules/koa-simple-router/index.js:186:18)
    at Router._lookup (/Users/gaoyijian/Desktop/yd/nodedemo/node_modules/koa-simple-router/index.js:198:12)
    at /Users/gaoyijian/Desktop/yd/nodedemo/node_modules/koa-simple-router/index.js:138:21
    at dispatch (/Users/gaoyijian/Desktop/yd/nodedemo/node_modules/koa-compose/index.js:42:32)
    at app.use (/Users/gaoyijian/Desktop/yd/nodedemo/dist/middlewares/errorHandle.js:15:13)
    at dispatch (/Users/gaoyijian/Desktop/yd/nodedemo/node_modules/koa-compose/index.js:42:32)
    at app.use (/Users/gaoyijian/Desktop/yd/nodedemo/dist/middlewares/errorHandle.js:7:15)
    at dispatch (/Users/gaoyijian/Desktop/yd/nodedemo/node_modules/koa-compose/index.js:42:32)
    at serve (/Users/gaoyijian/Desktop/yd/nodedemo/node_modules/koa-static/index.js:53:15)
[2019-03-10T14:44:15.941] [ERROR] cheese - ReferenceError: $ is not defined
    at /Users/gaoyijian/Desktop/yd/nodedemo/dist/controllers/indexController.js:45:9
    at dispatch (/Users/gaoyijian/Desktop/yd/nodedemo/node_modules/koa-simple-router/index.js:186:18)
    at Router._lookup (/Users/gaoyijian/Desktop/yd/nodedemo/node_modules/koa-simple-router/index.js:198:12)
    at /Users/gaoyijian/Desktop/yd/nodedemo/node_modules/koa-simple-router/index.js:138:21
    at dispatch (/Users/gaoyijian/Desktop/yd/nodedemo/node_modules/koa-compose/index.js:42:32)
    at app.use (/Users/gaoyijian/Desktop/yd/nodedemo/dist/middlewares/errorHandle.js:15:13)
    at dispatch (/Users/gaoyijian/Desktop/yd/nodedemo/node_modules/koa-compose/index.js:42:32)
    at app.use (/Users/gaoyijian/Desktop/yd/nodedemo/dist/middlewares/errorHandle.js:7:15)
    at dispatch (/Users/gaoyijian/Desktop/yd/nodedemo/node_modules/koa-compose/index.js:42:32)
    at serve (/Users/gaoyijian/Desktop/yd/nodedemo/node_modules/koa-static/index.js:53:15)
[2019-03-10T14:44:16.204] [ERROR] cheese - ReferenceError: $ is not defined
    at /Users/gaoyijian/Desktop/yd/nodedemo/dist/controllers/indexController.js:45:9
    at dispatch (/Users/gaoyijian/Desktop/yd/nodedemo/node_modules/koa-simple-router/index.js:186:18)
    at Router._lookup (/Users/gaoyijian/Desktop/yd/nodedemo/node_modules/koa-simple-router/index.js:198:12)
    at /Users/gaoyijian/Desktop/yd/nodedemo/node_modules/koa-simple-router/index.js:138:21
    at dispatch (/Users/gaoyijian/Desktop/yd/nodedemo/node_modules/koa-compose/index.js:42:32)
    at app.use (/Users/gaoyijian/Desktop/yd/nodedemo/dist/middlewares/errorHandle.js:15:13)
    at dispatch (/Users/gaoyijian/Desktop/yd/nodedemo/node_modules/koa-compose/index.js:42:32)
    at app.use (/Users/gaoyijian/Desktop/yd/nodedemo/dist/middlewares/errorHandle.js:7:15)
    at dispatch (/Users/gaoyijian/Desktop/yd/nodedemo/node_modules/koa-compose/index.js:42:32)
    at serve (/Users/gaoyijian/Desktop/yd/nodedemo/node_modules/koa-static/index.js:53:15)
[2019-03-10T14:55:41.571] [ERROR] cheese - SyntaxError: Unmatched selector: )
    at parse (/Users/gaoyijian/Desktop/yd/nodedemo/node_modules/css-what/index.js:85:9)
    at compileUnsafe (/Users/gaoyijian/Desktop/yd/nodedemo/node_modules/css-select/lib/compile.js:31:14)
    at select (/Users/gaoyijian/Desktop/yd/nodedemo/node_modules/css-select/index.js:18:49)
    at CSSselect (/Users/gaoyijian/Desktop/yd/nodedemo/node_modules/css-select/index.js:41:9)
    at initialize.exports.find (/Users/gaoyijian/Desktop/yd/nodedemo/node_modules/cheerio/lib/api/traversing.js:40:21)
    at initialize.module.exports (/Users/gaoyijian/Desktop/yd/nodedemo/node_modules/cheerio/lib/cheerio.js:88:18)
    at new initialize (/Users/gaoyijian/Desktop/yd/nodedemo/node_modules/cheerio/lib/static.js:34:20)
    at initialize (/Users/gaoyijian/Desktop/yd/nodedemo/node_modules/cheerio/lib/static.js:31:14)
    at /Users/gaoyijian/Desktop/yd/nodedemo/dist/controllers/indexController.js:49:9
[2019-03-10T15:49:09.815] [ERROR] cheese - SyntaxError: Unmatched selector: )
    at parse (/Users/gaoyijian/Desktop/yd/nodedemo/node_modules/css-what/index.js:85:9)
    at compileUnsafe (/Users/gaoyijian/Desktop/yd/nodedemo/node_modules/css-select/lib/compile.js:31:14)
    at select (/Users/gaoyijian/Desktop/yd/nodedemo/node_modules/css-select/index.js:18:49)
    at CSSselect (/Users/gaoyijian/Desktop/yd/nodedemo/node_modules/css-select/index.js:41:9)
    at initialize.exports.find (/Users/gaoyijian/Desktop/yd/nodedemo/node_modules/cheerio/lib/api/traversing.js:40:21)
    at initialize.module.exports (/Users/gaoyijian/Desktop/yd/nodedemo/node_modules/cheerio/lib/cheerio.js:88:18)
    at new initialize (/Users/gaoyijian/Desktop/yd/nodedemo/node_modules/cheerio/lib/static.js:34:20)
    at initialize (/Users/gaoyijian/Desktop/yd/nodedemo/node_modules/cheerio/lib/static.js:31:14)
    at /Users/gaoyijian/Desktop/yd/nodedemo/dist/controllers/indexController.js:49:9
[2019-03-10T15:49:12.657] [ERROR] cheese - SyntaxError: Unmatched selector: )
    at parse (/Users/gaoyijian/Desktop/yd/nodedemo/node_modules/css-what/index.js:85:9)
    at compileUnsafe (/Users/gaoyijian/Desktop/yd/nodedemo/node_modules/css-select/lib/compile.js:31:14)
    at select (/Users/gaoyijian/Desktop/yd/nodedemo/node_modules/css-select/index.js:18:49)
    at CSSselect (/Users/gaoyijian/Desktop/yd/nodedemo/node_modules/css-select/index.js:41:9)
    at initialize.exports.find (/Users/gaoyijian/Desktop/yd/nodedemo/node_modules/cheerio/lib/api/traversing.js:40:21)
    at initialize.module.exports (/Users/gaoyijian/Desktop/yd/nodedemo/node_modules/cheerio/lib/cheerio.js:88:18)
    at new initialize (/Users/gaoyijian/Desktop/yd/nodedemo/node_modules/cheerio/lib/static.js:34:20)
    at initialize (/Users/gaoyijian/Desktop/yd/nodedemo/node_modules/cheerio/lib/static.js:31:14)
    at /Users/gaoyijian/Desktop/yd/nodedemo/dist/controllers/indexController.js:49:9
[2019-03-10T15:49:20.480] [ERROR] cheese - SyntaxError: Unmatched selector: )
    at parse (/Users/gaoyijian/Desktop/yd/nodedemo/node_modules/css-what/index.js:85:9)
    at compileUnsafe (/Users/gaoyijian/Desktop/yd/nodedemo/node_modules/css-select/lib/compile.js:31:14)
    at select (/Users/gaoyijian/Desktop/yd/nodedemo/node_modules/css-select/index.js:18:49)
    at CSSselect (/Users/gaoyijian/Desktop/yd/nodedemo/node_modules/css-select/index.js:41:9)
    at initialize.exports.find (/Users/gaoyijian/Desktop/yd/nodedemo/node_modules/cheerio/lib/api/traversing.js:40:21)
    at initialize.module.exports (/Users/gaoyijian/Desktop/yd/nodedemo/node_modules/cheerio/lib/cheerio.js:88:18)
    at new initialize (/Users/gaoyijian/Desktop/yd/nodedemo/node_modules/cheerio/lib/static.js:34:20)
    at initialize (/Users/gaoyijian/Desktop/yd/nodedemo/node_modules/cheerio/lib/static.js:31:14)
    at /Users/gaoyijian/Desktop/yd/nodedemo/dist/controllers/indexController.js:49:9
[2019-03-10T15:50:24.400] [ERROR] cheese - SyntaxError: Unmatched selector: )
    at parse (/Users/gaoyijian/Desktop/yd/nodedemo/node_modules/css-what/index.js:85:9)
    at compileUnsafe (/Users/gaoyijian/Desktop/yd/nodedemo/node_modules/css-select/lib/compile.js:31:14)
    at select (/Users/gaoyijian/Desktop/yd/nodedemo/node_modules/css-select/index.js:18:49)
    at CSSselect (/Users/gaoyijian/Desktop/yd/nodedemo/node_modules/css-select/index.js:41:9)
    at initialize.exports.find (/Users/gaoyijian/Desktop/yd/nodedemo/node_modules/cheerio/lib/api/traversing.js:40:21)
    at initialize.module.exports (/Users/gaoyijian/Desktop/yd/nodedemo/node_modules/cheerio/lib/cheerio.js:88:18)
    at new initialize (/Users/gaoyijian/Desktop/yd/nodedemo/node_modules/cheerio/lib/static.js:34:20)
    at initialize (/Users/gaoyijian/Desktop/yd/nodedemo/node_modules/cheerio/lib/static.js:31:14)
    at /Users/gaoyijian/Desktop/yd/nodedemo/dist/controllers/indexController.js:49:9
